---------------------------------------
Begin PBS Prologue Mon Dec  9 15:18:45 EST 2019
Job ID:     136189.ice-sched.pace.gatech.edu
User ID:    hpan48
Job name:   HPL-hpan48
Queue:      coc-ice
End PBS Prologue Mon Dec  9 15:18:45 EST 2019
---------------------------------------
tput: No value for $TERM and no -T specified
tput: No value for $TERM and no -T specified
tput: No value for $TERM and no -T specified
tput: No value for $TERM and no -T specified
 =========================================================================
|                                                                         |
|       A note about python/3.6:                                          |
|       PACE is lacking the staff to install all of the python 3          |
|       modules, but we do maintain an anaconda distribution for          |
|       both python 2 and python 3. As conda significantly reduces        |
|       the overhead with package management, we would much prefer        |
|       to maintain python 3 through anaconda.                            |
|                                                                         |
|       All pace installed modules are visible via the module avail       |
|       command.                                                          |
|                                                                         |
 =========================================================================
 =========================================================================
|                                                                         |
|       A note about python/3.6:                                          |
|       PACE is lacking the staff to install all of the python 3          |
|       modules, but we do maintain an anaconda distribution for          |
|       both python 2 and python 3. As conda significantly reduces        |
|       the overhead with package management, we would much prefer        |
|       to maintain python 3 through anaconda.                            |
|                                                                         |
|       All pace installed modules are visible via the module avail       |
|       command.                                                          |
|                                                                         |
 =========================================================================
================================================================================
HPLinpack 2.3  --  High-Performance Linpack benchmark  --   December 2, 2018
Written by A. Petitet and R. Clint Whaley,  Innovative Computing Laboratory, UTK
Modified by Piotr Luszczek, Innovative Computing Laboratory, UTK
Modified by Julien Langou, University of Colorado Denver
================================================================================

An explanation of the input/output parameters follows:
T/V    : Wall time / encoded variant.
N      : The order of the coefficient matrix A.
NB     : The partitioning blocking factor.
P      : The number of process rows.
Q      : The number of process columns.
Time   : Time in seconds to solve the linear system.
Gflops : Rate of execution for solving the linear system.

The following parameter values will be used:

N      :    2900 
NB     :       1        2        3        4 
PMAP   : Row-major process mapping
P      :       4 
Q      :       4 
PFACT  :    Left    Crout    Right 
NBMIN  :       2        4 
NDIV   :       2 
RFACT  :    Left    Crout    Right 
BCAST  :   1ring 
DEPTH  :       0 
SWAP   : Mix (threshold = 64)
L1     : transposed form
U      : transposed form
EQUIL  : yes
ALIGN  : 8 double precision words

--------------------------------------------------------------------------------

- The matrix A is randomly generated for each test.
- The following scaled residual check will be computed:
      ||Ax-b||_oo / ( eps * ( || x ||_oo * || A ||_oo + || b ||_oo ) * N )
- The relative machine precision (eps) is taken to be               2.220446e-16
- Computational tests pass if scaled residuals are less than                16.0

================================================================================
T/V                N    NB     P     Q               Time                 Gflops
--------------------------------------------------------------------------------
WR00L2L2        2900     1     4     4               2.45             6.6414e+00
HPL_pdgesv() start time Mon Dec  9 15:18:45 2019

HPL_pdgesv() end time   Mon Dec  9 15:18:48 2019

--------------------------------------------------------------------------------
||Ax-b||_oo/(eps*(||A||_oo*||x||_oo+||b||_oo)*N)=   2.41230164e-03 ...... PASSED
================================================================================
T/V                N    NB     P     Q               Time                 Gflops
--------------------------------------------------------------------------------
WR00L2L4        2900     1     4     4               2.42             6.7115e+00
HPL_pdgesv() start time Mon Dec  9 15:18:48 2019

HPL_pdgesv() end time   Mon Dec  9 15:18:50 2019

--------------------------------------------------------------------------------
||Ax-b||_oo/(eps*(||A||_oo*||x||_oo+||b||_oo)*N)=   2.41230164e-03 ...... PASSED
================================================================================
T/V                N    NB     P     Q               Time                 Gflops
--------------------------------------------------------------------------------
WR00L2C2        2900     1     4     4               2.43             6.7081e+00
HPL_pdgesv() start time Mon Dec  9 15:18:50 2019

HPL_pdgesv() end time   Mon Dec  9 15:18:53 2019

--------------------------------------------------------------------------------
||Ax-b||_oo/(eps*(||A||_oo*||x||_oo+||b||_oo)*N)=   2.41230164e-03 ...... PASSED
================================================================================
T/V                N    NB     P     Q               Time                 Gflops
--------------------------------------------------------------------------------
WR00L2C4        2900     1     4     4               2.42             6.7111e+00
HPL_pdgesv() start time Mon Dec  9 15:18:53 2019

HPL_pdgesv() end time   Mon Dec  9 15:18:55 2019

--------------------------------------------------------------------------------
||Ax-b||_oo/(eps*(||A||_oo*||x||_oo+||b||_oo)*N)=   2.41230164e-03 ...... PASSED
================================================================================
T/V                N    NB     P     Q               Time                 Gflops
--------------------------------------------------------------------------------
WR00L2R2        2900     1     4     4               2.43             6.6880e+00
HPL_pdgesv() start time Mon Dec  9 15:18:56 2019

HPL_pdgesv() end time   Mon Dec  9 15:18:58 2019

--------------------------------------------------------------------------------
||Ax-b||_oo/(eps*(||A||_oo*||x||_oo+||b||_oo)*N)=   2.41230164e-03 ...... PASSED
================================================================================
T/V                N    NB     P     Q               Time                 Gflops
--------------------------------------------------------------------------------
WR00L2R4        2900     1     4     4               2.43             6.6944e+00
HPL_pdgesv() start time Mon Dec  9 15:18:58 2019

HPL_pdgesv() end time   Mon Dec  9 15:19:01 2019

--------------------------------------------------------------------------------
||Ax-b||_oo/(eps*(||A||_oo*||x||_oo+||b||_oo)*N)=   2.41230164e-03 ...... PASSED
================================================================================
T/V                N    NB     P     Q               Time                 Gflops
--------------------------------------------------------------------------------
WR00C2L2        2900     1     4     4               2.43             6.7096e+00
HPL_pdgesv() start time Mon Dec  9 15:19:01 2019

HPL_pdgesv() end time   Mon Dec  9 15:19:03 2019

--------------------------------------------------------------------------------
||Ax-b||_oo/(eps*(||A||_oo*||x||_oo+||b||_oo)*N)=   2.41230164e-03 ...... PASSED
================================================================================
T/V                N    NB     P     Q               Time                 Gflops
--------------------------------------------------------------------------------
WR00C2L4        2900     1     4     4               2.43             6.6913e+00
HPL_pdgesv() start time Mon Dec  9 15:19:03 2019

HPL_pdgesv() end time   Mon Dec  9 15:19:06 2019

--------------------------------------------------------------------------------
||Ax-b||_oo/(eps*(||A||_oo*||x||_oo+||b||_oo)*N)=   2.41230164e-03 ...... PASSED
================================================================================
T/V                N    NB     P     Q               Time                 Gflops
--------------------------------------------------------------------------------
WR00C2C2        2900     1     4     4               2.43             6.6972e+00
HPL_pdgesv() start time Mon Dec  9 15:19:06 2019

HPL_pdgesv() end time   Mon Dec  9 15:19:08 2019

--------------------------------------------------------------------------------
||Ax-b||_oo/(eps*(||A||_oo*||x||_oo+||b||_oo)*N)=   2.41230164e-03 ...... PASSED
================================================================================
T/V                N    NB     P     Q               Time                 Gflops
--------------------------------------------------------------------------------
WR00C2C4        2900     1     4     4               2.43             6.7059e+00
HPL_pdgesv() start time Mon Dec  9 15:19:08 2019

HPL_pdgesv() end time   Mon Dec  9 15:19:11 2019

--------------------------------------------------------------------------------
||Ax-b||_oo/(eps*(||A||_oo*||x||_oo+||b||_oo)*N)=   2.41230164e-03 ...... PASSED
================================================================================
T/V                N    NB     P     Q               Time                 Gflops
--------------------------------------------------------------------------------
WR00C2R2        2900     1     4     4               2.43             6.6994e+00
HPL_pdgesv() start time Mon Dec  9 15:19:11 2019

HPL_pdgesv() end time   Mon Dec  9 15:19:13 2019

--------------------------------------------------------------------------------
||Ax-b||_oo/(eps*(||A||_oo*||x||_oo+||b||_oo)*N)=   2.41230164e-03 ...... PASSED
================================================================================
T/V                N    NB     P     Q               Time                 Gflops
--------------------------------------------------------------------------------
WR00C2R4        2900     1     4     4               2.43             6.6963e+00
HPL_pdgesv() start time Mon Dec  9 15:19:14 2019

HPL_pdgesv() end time   Mon Dec  9 15:19:16 2019

--------------------------------------------------------------------------------
||Ax-b||_oo/(eps*(||A||_oo*||x||_oo+||b||_oo)*N)=   2.41230164e-03 ...... PASSED
================================================================================
T/V                N    NB     P     Q               Time                 Gflops
--------------------------------------------------------------------------------
WR00R2L2        2900     1     4     4               2.43             6.6973e+00
HPL_pdgesv() start time Mon Dec  9 15:19:16 2019

HPL_pdgesv() end time   Mon Dec  9 15:19:19 2019

--------------------------------------------------------------------------------
||Ax-b||_oo/(eps*(||A||_oo*||x||_oo+||b||_oo)*N)=   2.41230164e-03 ...... PASSED
================================================================================
T/V                N    NB     P     Q               Time                 Gflops
--------------------------------------------------------------------------------
WR00R2L4        2900     1     4     4               2.43             6.7023e+00
HPL_pdgesv() start time Mon Dec  9 15:19:19 2019

HPL_pdgesv() end time   Mon Dec  9 15:19:21 2019

--------------------------------------------------------------------------------
||Ax-b||_oo/(eps*(||A||_oo*||x||_oo+||b||_oo)*N)=   2.41230164e-03 ...... PASSED
================================================================================
T/V                N    NB     P     Q               Time                 Gflops
--------------------------------------------------------------------------------
WR00R2C2        2900     1     4     4               2.44             6.6708e+00
HPL_pdgesv() start time Mon Dec  9 15:19:21 2019

HPL_pdgesv() end time   Mon Dec  9 15:19:24 2019

--------------------------------------------------------------------------------
||Ax-b||_oo/(eps*(||A||_oo*||x||_oo+||b||_oo)*N)=   2.41230164e-03 ...... PASSED
================================================================================
T/V                N    NB     P     Q               Time                 Gflops
--------------------------------------------------------------------------------
WR00R2C4        2900     1     4     4               2.44             6.6718e+00
HPL_pdgesv() start time Mon Dec  9 15:19:24 2019

HPL_pdgesv() end time   Mon Dec  9 15:19:26 2019

--------------------------------------------------------------------------------
||Ax-b||_oo/(eps*(||A||_oo*||x||_oo+||b||_oo)*N)=   2.41230164e-03 ...... PASSED
================================================================================
T/V                N    NB     P     Q               Time                 Gflops
--------------------------------------------------------------------------------
WR00R2R2        2900     1     4     4               2.43             6.6844e+00
HPL_pdgesv() start time Mon Dec  9 15:19:27 2019

HPL_pdgesv() end time   Mon Dec  9 15:19:29 2019

--------------------------------------------------------------------------------
||Ax-b||_oo/(eps*(||A||_oo*||x||_oo+||b||_oo)*N)=   2.41230164e-03 ...... PASSED
================================================================================
T/V                N    NB     P     Q               Time                 Gflops
--------------------------------------------------------------------------------
WR00R2R4        2900     1     4     4               2.44             6.6757e+00
HPL_pdgesv() start time Mon Dec  9 15:19:29 2019

HPL_pdgesv() end time   Mon Dec  9 15:19:32 2019

--------------------------------------------------------------------------------
||Ax-b||_oo/(eps*(||A||_oo*||x||_oo+||b||_oo)*N)=   2.41230164e-03 ...... PASSED
================================================================================
T/V                N    NB     P     Q               Time                 Gflops
--------------------------------------------------------------------------------
WR00L2L2        2900     2     4     4               1.36             1.1976e+01
HPL_pdgesv() start time Mon Dec  9 15:19:32 2019

HPL_pdgesv() end time   Mon Dec  9 15:19:33 2019

--------------------------------------------------------------------------------
||Ax-b||_oo/(eps*(||A||_oo*||x||_oo+||b||_oo)*N)=   2.65391410e-03 ...... PASSED
================================================================================
T/V                N    NB     P     Q               Time                 Gflops
--------------------------------------------------------------------------------
WR00L2L4        2900     2     4     4               1.35             1.2085e+01
HPL_pdgesv() start time Mon Dec  9 15:19:33 2019

HPL_pdgesv() end time   Mon Dec  9 15:19:34 2019

--------------------------------------------------------------------------------
||Ax-b||_oo/(eps*(||A||_oo*||x||_oo+||b||_oo)*N)=   2.65391410e-03 ...... PASSED
================================================================================
T/V                N    NB     P     Q               Time                 Gflops
--------------------------------------------------------------------------------
WR00L2C2        2900     2     4     4               1.34             1.2112e+01
HPL_pdgesv() start time Mon Dec  9 15:19:35 2019

HPL_pdgesv() end time   Mon Dec  9 15:19:36 2019

--------------------------------------------------------------------------------
||Ax-b||_oo/(eps*(||A||_oo*||x||_oo+||b||_oo)*N)=   2.65391410e-03 ...... PASSED
================================================================================
T/V                N    NB     P     Q               Time                 Gflops
--------------------------------------------------------------------------------
WR00L2C4        2900     2     4     4               1.34             1.2149e+01
HPL_pdgesv() start time Mon Dec  9 15:19:36 2019

HPL_pdgesv() end time   Mon Dec  9 15:19:37 2019

--------------------------------------------------------------------------------
||Ax-b||_oo/(eps*(||A||_oo*||x||_oo+||b||_oo)*N)=   2.65391410e-03 ...... PASSED
================================================================================
T/V                N    NB     P     Q               Time                 Gflops
--------------------------------------------------------------------------------
WR00L2R2        2900     2     4     4               1.35             1.2079e+01
HPL_pdgesv() start time Mon Dec  9 15:19:38 2019

HPL_pdgesv() end time   Mon Dec  9 15:19:39 2019

--------------------------------------------------------------------------------
||Ax-b||_oo/(eps*(||A||_oo*||x||_oo+||b||_oo)*N)=   2.65391410e-03 ...... PASSED
================================================================================
T/V                N    NB     P     Q               Time                 Gflops
--------------------------------------------------------------------------------
WR00L2R4        2900     2     4     4               1.34             1.2131e+01
HPL_pdgesv() start time Mon Dec  9 15:19:39 2019

HPL_pdgesv() end time   Mon Dec  9 15:19:40 2019

--------------------------------------------------------------------------------
||Ax-b||_oo/(eps*(||A||_oo*||x||_oo+||b||_oo)*N)=   2.65391410e-03 ...... PASSED
================================================================================
T/V                N    NB     P     Q               Time                 Gflops
--------------------------------------------------------------------------------
WR00C2L2        2900     2     4     4               1.34             1.2156e+01
HPL_pdgesv() start time Mon Dec  9 15:19:40 2019

HPL_pdgesv() end time   Mon Dec  9 15:19:42 2019

--------------------------------------------------------------------------------
||Ax-b||_oo/(eps*(||A||_oo*||x||_oo+||b||_oo)*N)=   2.65391410e-03 ...... PASSED
================================================================================
T/V                N    NB     P     Q               Time                 Gflops
--------------------------------------------------------------------------------
WR00C2L4        2900     2     4     4               1.34             1.2148e+01
HPL_pdgesv() start time Mon Dec  9 15:19:42 2019

HPL_pdgesv() end time   Mon Dec  9 15:19:43 2019

--------------------------------------------------------------------------------
||Ax-b||_oo/(eps*(||A||_oo*||x||_oo+||b||_oo)*N)=   2.65391410e-03 ...... PASSED
================================================================================
T/V                N    NB     P     Q               Time                 Gflops
--------------------------------------------------------------------------------
WR00C2C2        2900     2     4     4               1.34             1.2166e+01
HPL_pdgesv() start time Mon Dec  9 15:19:43 2019

HPL_pdgesv() end time   Mon Dec  9 15:19:45 2019

--------------------------------------------------------------------------------
||Ax-b||_oo/(eps*(||A||_oo*||x||_oo+||b||_oo)*N)=   2.65391410e-03 ...... PASSED
================================================================================
T/V                N    NB     P     Q               Time                 Gflops
--------------------------------------------------------------------------------
WR00C2C4        2900     2     4     4               1.34             1.2162e+01
HPL_pdgesv() start time Mon Dec  9 15:19:45 2019

HPL_pdgesv() end time   Mon Dec  9 15:19:46 2019

--------------------------------------------------------------------------------
||Ax-b||_oo/(eps*(||A||_oo*||x||_oo+||b||_oo)*N)=   2.65391410e-03 ...... PASSED
================================================================================
T/V                N    NB     P     Q               Time                 Gflops
--------------------------------------------------------------------------------
WR00C2R2        2900     2     4     4               1.34             1.2131e+01
HPL_pdgesv() start time Mon Dec  9 15:19:46 2019

HPL_pdgesv() end time   Mon Dec  9 15:19:48 2019

--------------------------------------------------------------------------------
||Ax-b||_oo/(eps*(||A||_oo*||x||_oo+||b||_oo)*N)=   2.65391410e-03 ...... PASSED
================================================================================
T/V                N    NB     P     Q               Time                 Gflops
--------------------------------------------------------------------------------
WR00C2R4        2900     2     4     4               1.34             1.2157e+01
HPL_pdgesv() start time Mon Dec  9 15:19:48 2019

HPL_pdgesv() end time   Mon Dec  9 15:19:49 2019

--------------------------------------------------------------------------------
||Ax-b||_oo/(eps*(||A||_oo*||x||_oo+||b||_oo)*N)=   2.65391410e-03 ...... PASSED
================================================================================
T/V                N    NB     P     Q               Time                 Gflops
--------------------------------------------------------------------------------
WR00R2L2        2900     2     4     4               1.33             1.2191e+01
HPL_pdgesv() start time Mon Dec  9 15:19:49 2019

HPL_pdgesv() end time   Mon Dec  9 15:19:50 2019

--------------------------------------------------------------------------------
||Ax-b||_oo/(eps*(||A||_oo*||x||_oo+||b||_oo)*N)=   2.65391410e-03 ...... PASSED
================================================================================
T/V                N    NB     P     Q               Time                 Gflops
--------------------------------------------------------------------------------
WR00R2L4        2900     2     4     4               1.34             1.2176e+01
HPL_pdgesv() start time Mon Dec  9 15:19:51 2019

HPL_pdgesv() end time   Mon Dec  9 15:19:52 2019

--------------------------------------------------------------------------------
||Ax-b||_oo/(eps*(||A||_oo*||x||_oo+||b||_oo)*N)=   2.65391410e-03 ...... PASSED
================================================================================
T/V                N    NB     P     Q               Time                 Gflops
--------------------------------------------------------------------------------
WR00R2C2        2900     2     4     4               1.34             1.2168e+01
HPL_pdgesv() start time Mon Dec  9 15:19:52 2019

HPL_pdgesv() end time   Mon Dec  9 15:19:53 2019

--------------------------------------------------------------------------------
||Ax-b||_oo/(eps*(||A||_oo*||x||_oo+||b||_oo)*N)=   2.65391410e-03 ...... PASSED
================================================================================
T/V                N    NB     P     Q               Time                 Gflops
--------------------------------------------------------------------------------
WR00R2C4        2900     2     4     4               1.34             1.2168e+01
HPL_pdgesv() start time Mon Dec  9 15:19:53 2019

HPL_pdgesv() end time   Mon Dec  9 15:19:55 2019

--------------------------------------------------------------------------------
||Ax-b||_oo/(eps*(||A||_oo*||x||_oo+||b||_oo)*N)=   2.65391410e-03 ...... PASSED
================================================================================
T/V                N    NB     P     Q               Time                 Gflops
--------------------------------------------------------------------------------
WR00R2R2        2900     2     4     4               1.34             1.2135e+01
HPL_pdgesv() start time Mon Dec  9 15:19:55 2019

HPL_pdgesv() end time   Mon Dec  9 15:19:56 2019

--------------------------------------------------------------------------------
||Ax-b||_oo/(eps*(||A||_oo*||x||_oo+||b||_oo)*N)=   2.65391410e-03 ...... PASSED
================================================================================
T/V                N    NB     P     Q               Time                 Gflops
--------------------------------------------------------------------------------
WR00R2R4        2900     2     4     4               1.34             1.2139e+01
HPL_pdgesv() start time Mon Dec  9 15:19:56 2019

HPL_pdgesv() end time   Mon Dec  9 15:19:58 2019

--------------------------------------------------------------------------------
||Ax-b||_oo/(eps*(||A||_oo*||x||_oo+||b||_oo)*N)=   2.65391410e-03 ...... PASSED
================================================================================
T/V                N    NB     P     Q               Time                 Gflops
--------------------------------------------------------------------------------
WR00L2L2        2900     3     4     4               1.00             1.6249e+01
HPL_pdgesv() start time Mon Dec  9 15:19:58 2019

HPL_pdgesv() end time   Mon Dec  9 15:19:59 2019

--------------------------------------------------------------------------------
||Ax-b||_oo/(eps*(||A||_oo*||x||_oo+||b||_oo)*N)=   1.91378478e-03 ...... PASSED
================================================================================
T/V                N    NB     P     Q               Time                 Gflops
--------------------------------------------------------------------------------
WR00L2L4        2900     3     4     4               0.99             1.6407e+01
HPL_pdgesv() start time Mon Dec  9 15:19:59 2019

HPL_pdgesv() end time   Mon Dec  9 15:20:00 2019

--------------------------------------------------------------------------------
||Ax-b||_oo/(eps*(||A||_oo*||x||_oo+||b||_oo)*N)=   1.91378478e-03 ...... PASSED
================================================================================
T/V                N    NB     P     Q               Time                 Gflops
--------------------------------------------------------------------------------
WR00L2C2        2900     3     4     4               1.00             1.6325e+01
HPL_pdgesv() start time Mon Dec  9 15:20:00 2019

HPL_pdgesv() end time   Mon Dec  9 15:20:01 2019

--------------------------------------------------------------------------------
||Ax-b||_oo/(eps*(||A||_oo*||x||_oo+||b||_oo)*N)=   1.91378478e-03 ...... PASSED
================================================================================
T/V                N    NB     P     Q               Time                 Gflops
--------------------------------------------------------------------------------
WR00L2C4        2900     3     4     4               1.00             1.6319e+01
HPL_pdgesv() start time Mon Dec  9 15:20:01 2019

HPL_pdgesv() end time   Mon Dec  9 15:20:02 2019

--------------------------------------------------------------------------------
||Ax-b||_oo/(eps*(||A||_oo*||x||_oo+||b||_oo)*N)=   2.21580036e-03 ...... PASSED
================================================================================
T/V                N    NB     P     Q               Time                 Gflops
--------------------------------------------------------------------------------
WR00L2R2        2900     3     4     4               0.99             1.6355e+01
HPL_pdgesv() start time Mon Dec  9 15:20:02 2019

HPL_pdgesv() end time   Mon Dec  9 15:20:03 2019

--------------------------------------------------------------------------------
||Ax-b||_oo/(eps*(||A||_oo*||x||_oo+||b||_oo)*N)=   1.91378478e-03 ...... PASSED
================================================================================
T/V                N    NB     P     Q               Time                 Gflops
--------------------------------------------------------------------------------
WR00L2R4        2900     3     4     4               0.99             1.6480e+01
HPL_pdgesv() start time Mon Dec  9 15:20:03 2019

HPL_pdgesv() end time   Mon Dec  9 15:20:04 2019

--------------------------------------------------------------------------------
||Ax-b||_oo/(eps*(||A||_oo*||x||_oo+||b||_oo)*N)=   2.21580036e-03 ...... PASSED
================================================================================
T/V                N    NB     P     Q               Time                 Gflops
--------------------------------------------------------------------------------
WR00C2L2        2900     3     4     4               1.00             1.6298e+01
HPL_pdgesv() start time Mon Dec  9 15:20:04 2019

HPL_pdgesv() end time   Mon Dec  9 15:20:05 2019

--------------------------------------------------------------------------------
||Ax-b||_oo/(eps*(||A||_oo*||x||_oo+||b||_oo)*N)=   1.91378478e-03 ...... PASSED
================================================================================
T/V                N    NB     P     Q               Time                 Gflops
--------------------------------------------------------------------------------
WR00C2L4        2900     3     4     4               0.99             1.6363e+01
HPL_pdgesv() start time Mon Dec  9 15:20:06 2019

HPL_pdgesv() end time   Mon Dec  9 15:20:07 2019

--------------------------------------------------------------------------------
||Ax-b||_oo/(eps*(||A||_oo*||x||_oo+||b||_oo)*N)=   1.91378478e-03 ...... PASSED
================================================================================
T/V                N    NB     P     Q               Time                 Gflops
--------------------------------------------------------------------------------
WR00C2C2        2900     3     4     4               1.00             1.6325e+01
HPL_pdgesv() start time Mon Dec  9 15:20:07 2019

HPL_pdgesv() end time   Mon Dec  9 15:20:08 2019

--------------------------------------------------------------------------------
||Ax-b||_oo/(eps*(||A||_oo*||x||_oo+||b||_oo)*N)=   1.91378478e-03 ...... PASSED
================================================================================
T/V                N    NB     P     Q               Time                 Gflops
--------------------------------------------------------------------------------
WR00C2C4        2900     3     4     4               1.00             1.6212e+01
HPL_pdgesv() start time Mon Dec  9 15:20:08 2019

HPL_pdgesv() end time   Mon Dec  9 15:20:09 2019

--------------------------------------------------------------------------------
||Ax-b||_oo/(eps*(||A||_oo*||x||_oo+||b||_oo)*N)=   2.21580036e-03 ...... PASSED
================================================================================
T/V                N    NB     P     Q               Time                 Gflops
--------------------------------------------------------------------------------
WR00C2R2        2900     3     4     4               1.00             1.6339e+01
HPL_pdgesv() start time Mon Dec  9 15:20:09 2019

HPL_pdgesv() end time   Mon Dec  9 15:20:10 2019

--------------------------------------------------------------------------------
||Ax-b||_oo/(eps*(||A||_oo*||x||_oo+||b||_oo)*N)=   1.91378478e-03 ...... PASSED
================================================================================
T/V                N    NB     P     Q               Time                 Gflops
--------------------------------------------------------------------------------
WR00C2R4        2900     3     4     4               0.99             1.6368e+01
HPL_pdgesv() start time Mon Dec  9 15:20:10 2019

HPL_pdgesv() end time   Mon Dec  9 15:20:11 2019

--------------------------------------------------------------------------------
||Ax-b||_oo/(eps*(||A||_oo*||x||_oo+||b||_oo)*N)=   2.21580036e-03 ...... PASSED
================================================================================
T/V                N    NB     P     Q               Time                 Gflops
--------------------------------------------------------------------------------
WR00R2L2        2900     3     4     4               1.02             1.5949e+01
HPL_pdgesv() start time Mon Dec  9 15:20:11 2019

HPL_pdgesv() end time   Mon Dec  9 15:20:12 2019

--------------------------------------------------------------------------------
||Ax-b||_oo/(eps*(||A||_oo*||x||_oo+||b||_oo)*N)=   1.91378478e-03 ...... PASSED
================================================================================
T/V                N    NB     P     Q               Time                 Gflops
--------------------------------------------------------------------------------
WR00R2L4        2900     3     4     4               1.02             1.6024e+01
HPL_pdgesv() start time Mon Dec  9 15:20:12 2019

HPL_pdgesv() end time   Mon Dec  9 15:20:13 2019

--------------------------------------------------------------------------------
||Ax-b||_oo/(eps*(||A||_oo*||x||_oo+||b||_oo)*N)=   1.91378478e-03 ...... PASSED
================================================================================
T/V                N    NB     P     Q               Time                 Gflops
--------------------------------------------------------------------------------
WR00R2C2        2900     3     4     4               1.02             1.6022e+01
HPL_pdgesv() start time Mon Dec  9 15:20:13 2019

HPL_pdgesv() end time   Mon Dec  9 15:20:14 2019

--------------------------------------------------------------------------------
||Ax-b||_oo/(eps*(||A||_oo*||x||_oo+||b||_oo)*N)=   1.91378478e-03 ...... PASSED
================================================================================
T/V                N    NB     P     Q               Time                 Gflops
--------------------------------------------------------------------------------
WR00R2C4        2900     3     4     4               1.01             1.6047e+01
HPL_pdgesv() start time Mon Dec  9 15:20:14 2019

HPL_pdgesv() end time   Mon Dec  9 15:20:15 2019

--------------------------------------------------------------------------------
||Ax-b||_oo/(eps*(||A||_oo*||x||_oo+||b||_oo)*N)=   2.21580036e-03 ...... PASSED
================================================================================
T/V                N    NB     P     Q               Time                 Gflops
--------------------------------------------------------------------------------
WR00R2R2        2900     3     4     4               1.01             1.6034e+01
HPL_pdgesv() start time Mon Dec  9 15:20:16 2019

HPL_pdgesv() end time   Mon Dec  9 15:20:17 2019

--------------------------------------------------------------------------------
||Ax-b||_oo/(eps*(||A||_oo*||x||_oo+||b||_oo)*N)=   1.91378478e-03 ...... PASSED
================================================================================
T/V                N    NB     P     Q               Time                 Gflops
--------------------------------------------------------------------------------
WR00R2R4        2900     3     4     4               1.01             1.6054e+01
HPL_pdgesv() start time Mon Dec  9 15:20:17 2019

HPL_pdgesv() end time   Mon Dec  9 15:20:18 2019

--------------------------------------------------------------------------------
||Ax-b||_oo/(eps*(||A||_oo*||x||_oo+||b||_oo)*N)=   2.21580036e-03 ...... PASSED
================================================================================
T/V                N    NB     P     Q               Time                 Gflops
--------------------------------------------------------------------------------
WR00L2L2        2900     4     4     4               0.82             1.9824e+01
HPL_pdgesv() start time Mon Dec  9 15:20:18 2019

HPL_pdgesv() end time   Mon Dec  9 15:20:19 2019

--------------------------------------------------------------------------------
||Ax-b||_oo/(eps*(||A||_oo*||x||_oo+||b||_oo)*N)=   2.18215812e-03 ...... PASSED
================================================================================
T/V                N    NB     P     Q               Time                 Gflops
--------------------------------------------------------------------------------
WR00L2L4        2900     4     4     4               0.81             2.0018e+01
HPL_pdgesv() start time Mon Dec  9 15:20:19 2019

HPL_pdgesv() end time   Mon Dec  9 15:20:19 2019

--------------------------------------------------------------------------------
||Ax-b||_oo/(eps*(||A||_oo*||x||_oo+||b||_oo)*N)=   2.43944481e-03 ...... PASSED
================================================================================
T/V                N    NB     P     Q               Time                 Gflops
--------------------------------------------------------------------------------
WR00L2C2        2900     4     4     4               0.82             1.9854e+01
HPL_pdgesv() start time Mon Dec  9 15:20:20 2019

HPL_pdgesv() end time   Mon Dec  9 15:20:20 2019

--------------------------------------------------------------------------------
||Ax-b||_oo/(eps*(||A||_oo*||x||_oo+||b||_oo)*N)=   2.18215812e-03 ...... PASSED
================================================================================
T/V                N    NB     P     Q               Time                 Gflops
--------------------------------------------------------------------------------
WR00L2C4        2900     4     4     4               0.81             2.0039e+01
HPL_pdgesv() start time Mon Dec  9 15:20:21 2019

HPL_pdgesv() end time   Mon Dec  9 15:20:21 2019

--------------------------------------------------------------------------------
||Ax-b||_oo/(eps*(||A||_oo*||x||_oo+||b||_oo)*N)=   2.30793423e-03 ...... PASSED
================================================================================
T/V                N    NB     P     Q               Time                 Gflops
--------------------------------------------------------------------------------
WR00L2R2        2900     4     4     4               0.82             1.9857e+01
HPL_pdgesv() start time Mon Dec  9 15:20:21 2019

HPL_pdgesv() end time   Mon Dec  9 15:20:22 2019

--------------------------------------------------------------------------------
||Ax-b||_oo/(eps*(||A||_oo*||x||_oo+||b||_oo)*N)=   2.18215812e-03 ...... PASSED
================================================================================
T/V                N    NB     P     Q               Time                 Gflops
--------------------------------------------------------------------------------
WR00L2R4        2900     4     4     4               0.81             2.0101e+01
HPL_pdgesv() start time Mon Dec  9 15:20:22 2019

HPL_pdgesv() end time   Mon Dec  9 15:20:23 2019

--------------------------------------------------------------------------------
||Ax-b||_oo/(eps*(||A||_oo*||x||_oo+||b||_oo)*N)=   2.30793423e-03 ...... PASSED
================================================================================
T/V                N    NB     P     Q               Time                 Gflops
--------------------------------------------------------------------------------
WR00C2L2        2900     4     4     4               0.82             1.9849e+01
HPL_pdgesv() start time Mon Dec  9 15:20:23 2019

HPL_pdgesv() end time   Mon Dec  9 15:20:24 2019

--------------------------------------------------------------------------------
||Ax-b||_oo/(eps*(||A||_oo*||x||_oo+||b||_oo)*N)=   2.18215812e-03 ...... PASSED
================================================================================
T/V                N    NB     P     Q               Time                 Gflops
--------------------------------------------------------------------------------
WR00C2L4        2900     4     4     4               0.81             2.0088e+01
HPL_pdgesv() start time Mon Dec  9 15:20:24 2019

HPL_pdgesv() end time   Mon Dec  9 15:20:25 2019

--------------------------------------------------------------------------------
||Ax-b||_oo/(eps*(||A||_oo*||x||_oo+||b||_oo)*N)=   2.43944481e-03 ...... PASSED
================================================================================
T/V                N    NB     P     Q               Time                 Gflops
--------------------------------------------------------------------------------
WR00C2C2        2900     4     4     4               0.82             1.9877e+01
HPL_pdgesv() start time Mon Dec  9 15:20:25 2019

HPL_pdgesv() end time   Mon Dec  9 15:20:26 2019

--------------------------------------------------------------------------------
||Ax-b||_oo/(eps*(||A||_oo*||x||_oo+||b||_oo)*N)=   2.18215812e-03 ...... PASSED
================================================================================
T/V                N    NB     P     Q               Time                 Gflops
--------------------------------------------------------------------------------
WR00C2C4        2900     4     4     4               0.81             2.0138e+01
HPL_pdgesv() start time Mon Dec  9 15:20:26 2019

HPL_pdgesv() end time   Mon Dec  9 15:20:27 2019

--------------------------------------------------------------------------------
||Ax-b||_oo/(eps*(||A||_oo*||x||_oo+||b||_oo)*N)=   2.30793423e-03 ...... PASSED
================================================================================
T/V                N    NB     P     Q               Time                 Gflops
--------------------------------------------------------------------------------
WR00C2R2        2900     4     4     4               0.82             1.9888e+01
HPL_pdgesv() start time Mon Dec  9 15:20:27 2019

HPL_pdgesv() end time   Mon Dec  9 15:20:28 2019

--------------------------------------------------------------------------------
||Ax-b||_oo/(eps*(||A||_oo*||x||_oo+||b||_oo)*N)=   2.18215812e-03 ...... PASSED
================================================================================
T/V                N    NB     P     Q               Time                 Gflops
--------------------------------------------------------------------------------
WR00C2R4        2900     4     4     4               0.81             2.0165e+01
HPL_pdgesv() start time Mon Dec  9 15:20:28 2019

HPL_pdgesv() end time   Mon Dec  9 15:20:29 2019

--------------------------------------------------------------------------------
||Ax-b||_oo/(eps*(||A||_oo*||x||_oo+||b||_oo)*N)=   2.30793423e-03 ...... PASSED
================================================================================
T/V                N    NB     P     Q               Time                 Gflops
--------------------------------------------------------------------------------
WR00R2L2        2900     4     4     4               0.82             1.9915e+01
HPL_pdgesv() start time Mon Dec  9 15:20:29 2019

HPL_pdgesv() end time   Mon Dec  9 15:20:30 2019

--------------------------------------------------------------------------------
||Ax-b||_oo/(eps*(||A||_oo*||x||_oo+||b||_oo)*N)=   2.18215812e-03 ...... PASSED
================================================================================
T/V                N    NB     P     Q               Time                 Gflops
--------------------------------------------------------------------------------
WR00R2L4        2900     4     4     4               0.81             2.0086e+01
HPL_pdgesv() start time Mon Dec  9 15:20:30 2019

HPL_pdgesv() end time   Mon Dec  9 15:20:30 2019

--------------------------------------------------------------------------------
||Ax-b||_oo/(eps*(||A||_oo*||x||_oo+||b||_oo)*N)=   2.43944481e-03 ...... PASSED
================================================================================
T/V                N    NB     P     Q               Time                 Gflops
--------------------------------------------------------------------------------
WR00R2C2        2900     4     4     4               0.82             1.9858e+01
HPL_pdgesv() start time Mon Dec  9 15:20:31 2019

HPL_pdgesv() end time   Mon Dec  9 15:20:31 2019

--------------------------------------------------------------------------------
||Ax-b||_oo/(eps*(||A||_oo*||x||_oo+||b||_oo)*N)=   2.18215812e-03 ...... PASSED
================================================================================
T/V                N    NB     P     Q               Time                 Gflops
--------------------------------------------------------------------------------
WR00R2C4        2900     4     4     4               0.81             2.0104e+01
HPL_pdgesv() start time Mon Dec  9 15:20:31 2019

HPL_pdgesv() end time   Mon Dec  9 15:20:32 2019

--------------------------------------------------------------------------------
||Ax-b||_oo/(eps*(||A||_oo*||x||_oo+||b||_oo)*N)=   2.30793423e-03 ...... PASSED
================================================================================
T/V                N    NB     P     Q               Time                 Gflops
--------------------------------------------------------------------------------
WR00R2R2        2900     4     4     4               0.81             2.0024e+01
HPL_pdgesv() start time Mon Dec  9 15:20:32 2019

HPL_pdgesv() end time   Mon Dec  9 15:20:33 2019

--------------------------------------------------------------------------------
||Ax-b||_oo/(eps*(||A||_oo*||x||_oo+||b||_oo)*N)=   2.18215812e-03 ...... PASSED
================================================================================
T/V                N    NB     P     Q               Time                 Gflops
--------------------------------------------------------------------------------
WR00R2R4        2900     4     4     4               0.81             2.0134e+01
HPL_pdgesv() start time Mon Dec  9 15:20:33 2019

HPL_pdgesv() end time   Mon Dec  9 15:20:34 2019

--------------------------------------------------------------------------------
||Ax-b||_oo/(eps*(||A||_oo*||x||_oo+||b||_oo)*N)=   2.30793423e-03 ...... PASSED
================================================================================

Finished     72 tests with the following results:
             72 tests completed and passed residual checks,
              0 tests completed and failed residual checks,
              0 tests skipped because of illegal input values.
--------------------------------------------------------------------------------

End of Tests.
================================================================================
---------------------------------------
Begin PBS Epilogue Mon Dec  9 15:20:34 EST 2019
Job ID:     136189.ice-sched.pace.gatech.edu
User ID:    hpan48
Job name:   HPL-hpan48
Resources:  neednodes=1:ppn=4,nodes=1:ppn=4,pmem=1gb,walltime=01:00:00
Rsrc Used:  cput=00:05:20,energy_used=0,mem=430900kb,vmem=3658628kb,walltime=00:01:49
Queue:      coc-ice
Nodes:     
rich133-h35-15-r.pace.gatech.edu
End PBS Epilogue Mon Dec  9 15:20:34 EST 2019
---------------------------------------
